<?xml version="1.0" encoding="UTF-8"?>
<testng-results skipped="0" failed="0" ignored="0" total="5" passed="5">
  <reporter-output>
  </reporter-output>
  <suite name="FREE CRM Application Test Automation Test Suite" duration-ms="21446" started-at="2022-03-07T08:32:43Z" finished-at="2022-03-07T08:33:05Z">
    <groups>
    </groups>
    <test name="Free CRM App Test Cases" duration-ms="21446" started-at="2022-03-07T08:32:43Z" finished-at="2022-03-07T08:33:05Z">
      <class name="com.crm.qa.testcases.LoginPageTest">
        <test-method status="PASS" signature="setUp()[pri:0, instance:com.crm.qa.testcases.LoginPageTest@68c4039c]" name="setUp" duration-ms="11238" started-at="2022-03-07T14:02:43Z" finished-at="2022-03-07T14:02:55Z">
          <reporter-output>
          </reporter-output>
        </test-method> <!-- setUp -->
        <test-method status="PASS" signature="loginPageTitleTest()[pri:1, instance:com.crm.qa.testcases.LoginPageTest@68c4039c]" name="loginPageTitleTest" duration-ms="28" started-at="2022-03-07T14:02:55Z" finished-at="2022-03-07T14:02:55Z">
          <reporter-output>
          </reporter-output>
        </test-method> <!-- loginPageTitleTest -->
        <test-method status="PASS" signature="crmLogoImageTest()[pri:2, instance:com.crm.qa.testcases.LoginPageTest@68c4039c]" name="crmLogoImageTest" duration-ms="110" started-at="2022-03-07T14:02:55Z" finished-at="2022-03-07T14:02:55Z">
          <reporter-output>
          </reporter-output>
        </test-method> <!-- crmLogoImageTest -->
        <test-method status="PASS" signature="loginTest()[pri:3, instance:com.crm.qa.testcases.LoginPageTest@68c4039c]" name="loginTest" duration-ms="9322" started-at="2022-03-07T14:02:55Z" finished-at="2022-03-07T14:03:04Z">
          <reporter-output>
          </reporter-output>
        </test-method> <!-- loginTest -->
        <test-method status="PASS" signature="tearDown()[pri:4, instance:com.crm.qa.testcases.LoginPageTest@68c4039c]" name="tearDown" duration-ms="723" started-at="2022-03-07T14:03:04Z" finished-at="2022-03-07T14:03:05Z">
          <reporter-output>
          </reporter-output>
        </test-method> <!-- tearDown -->
      </class> <!-- com.crm.qa.testcases.LoginPageTest -->
    </test> <!-- Free CRM App Test Cases -->
  </suite> <!-- FREE CRM Application Test Automation Test Suite -->
</testng-results>
